<?xml version="1.0" encoding="UTF-8"?>
<!-- Generated by org.testng.reporters.JUnitReportReporter -->
<testsuite name="com.testgit.TestGit" tests="1" time="0.023" ignored="0" failures="0" timestamp="29 Aug 2019 23:42:55 GMT" skipped="0" hostname="bogon" errors="0">
  <testcase name="testGit1" time="0.023" classname="com.testgit.TestGit"/>
</testsuite> <!-- com.testgit.TestGit -->
