<?xml version="1.0" encoding="UTF-8"?>
<!-- Generated by org.testng.reporters.JUnitReportReporter -->
<testsuite name="com.test.TestList" tests="1" time="0.013" ignored="4" failures="0" timestamp="16 Sep 2019 01:17:31 GMT" skipped="0" hostname="bogon" errors="0">
  <testcase name="testList5" time="0.013" classname="com.test.TestList"/>
  <testcase name="testList1" classname="com.test.TestList">
    <skipped/>
  </testcase> <!-- testList1 -->
  <testcase name="testList2" classname="com.test.TestList">
    <skipped/>
  </testcase> <!-- testList2 -->
  <testcase name="testList3" classname="com.test.TestList">
    <skipped/>
  </testcase> <!-- testList3 -->
  <testcase name="testList4" classname="com.test.TestList">
    <skipped/>
  </testcase> <!-- testList4 -->
</testsuite> <!-- com.test.TestList -->
