<?xml version="1.0" encoding="UTF-8"?>
<!-- Generated by org.testng.reporters.JUnitReportReporter -->
<testsuite name="com.test.TestMap" tests="1" time="0.014" ignored="3" failures="0" timestamp="17 Sep 2019 00:51:05 GMT" skipped="0" hostname="AppledeMacBook-Pro.local" errors="0">
  <testcase name="testList4" time="0.014" classname="com.test.TestMap"/>
  <testcase name="testList3" classname="com.test.TestMap">
    <skipped/>
  </testcase> <!-- testList3 -->
  <testcase name="testList2" classname="com.test.TestMap">
    <skipped/>
  </testcase> <!-- testList2 -->
  <testcase name="testList1" classname="com.test.TestMap">
    <skipped/>
  </testcase> <!-- testList1 -->
</testsuite> <!-- com.test.TestMap -->
